<?xml version="1.0" encoding="UTF-8"?>
<!-- Generated by org.testng.reporters.JUnitReportReporter -->
<testsuite name="com.sqa.mc.WilliamSonomaTest" tests="2" time="0.006" ignored="0" failures="0" timestamp="28 Oct 2017 21:05:50 GMT" skipped="0" hostname="MarkCastaLaptop" errors="0">
  <testcase name="f" time="0.004" classname="com.sqa.mc.WilliamSonomaTest"/>
  <testcase name="f" time="0.002" classname="com.sqa.mc.WilliamSonomaTest"/>
</testsuite> <!-- com.sqa.mc.WilliamSonomaTest -->
